2025-01-03 09:15:43,198 - INFO - Starting the customer purchasing behavior analysis.
2025-01-03 09:15:43,761 - INFO - Loaded training data successfully.
2025-01-03 09:15:43,786 - INFO - Loaded test data successfully.
2025-01-03 09:15:43,789 - INFO - Loaded store data successfully.
2025-01-03 09:15:43,936 - INFO - Merged training data with store data.
2025-01-03 09:15:43,937 - INFO - First few rows of merged data:
   Store  DayOfWeek        Date  Sales  Customers  Open  Promo StateHoliday  \
0      1          5  2015-07-31   5263        555     1      1            0   
1      2          5  2015-07-31   6064        625     1      1            0   
2      3          5  2015-07-31   8314        821     1      1            0   
3      4          5  2015-07-31  13995       1498     1      1            0   
4      5          5  2015-07-31   4822        559     1      1            0   

   SchoolHoliday StoreType Assortment  CompetitionDistance  \
0              1         c          a               1270.0   
1              1         a          a                570.0   
2              1         a          a              14130.0   
3              1         c          c                620.0   
4              1         a          a              29910.0   

   CompetitionOpenSinceMonth  CompetitionOpenSinceYear  Promo2  \
0                        9.0                    2008.0       0   
1                       11.0                    2007.0       1   
2                       12.0                    2006.0       1   
3                        9.0                    2009.0       0   
4                        4.0                    2015.0       0   

   Promo2SinceWeek  Promo2SinceYear    PromoInterval  
0              NaN              NaN              NaN  
1             13.0           2010.0  Jan,Apr,Jul,Oct  
2             14.0           2011.0  Jan,Apr,Jul,Oct  
3              NaN              NaN              NaN  
4              NaN              NaN              NaN  
2025-01-03 09:16:06,978 - INFO - Using categorical units to plot a list of strings that are all parsable as floats or dates. If these strings should be plotted as numbers, cast to the appropriate data type before plotting.
2025-01-03 09:16:07,311 - INFO - Using categorical units to plot a list of strings that are all parsable as floats or dates. If these strings should be plotted as numbers, cast to the appropriate data type before plotting.
2025-01-03 09:16:07,546 - INFO - Using categorical units to plot a list of strings that are all parsable as floats or dates. If these strings should be plotted as numbers, cast to the appropriate data type before plotting.
2025-01-03 09:16:07,564 - INFO - Using categorical units to plot a list of strings that are all parsable as floats or dates. If these strings should be plotted as numbers, cast to the appropriate data type before plotting.
2025-01-03 09:17:34,080 - INFO - Using categorical units to plot a list of strings that are all parsable as floats or dates. If these strings should be plotted as numbers, cast to the appropriate data type before plotting.
2025-01-03 09:17:34,411 - INFO - Using categorical units to plot a list of strings that are all parsable as floats or dates. If these strings should be plotted as numbers, cast to the appropriate data type before plotting.
